<?xml version="1.0" encoding="UTF-8"?>
<!-- Generated by org.testng.reporters.JUnitReportReporter -->
<testsuite hostname="devwks10" failures="0" tests="1" name="TimeBased_TwoValves_at_same_Time.Z11_Z12_Valves" time="11.615" errors="0" timestamp="2023-10-20T16:01:17 IST" skipped="0">
  <testcase classname="TimeBased_TwoValves_at_same_Time.Z11_Z12_Valves" name="Z11_Z12Valves" time="11.615"/>
</testsuite> <!-- TimeBased_TwoValves_at_same_Time.Z11_Z12_Valves -->
