<?xml version="1.0" encoding="UTF-8"?>
<!-- Generated by org.testng.reporters.JUnitReportReporter -->
<testsuite hostname="devwks10" failures="0" tests="1" name="Volume_Based_Irrigation.Z11_ValveSelected_VolumeBased" time="0.092" errors="0" timestamp="2023-10-16T16:51:14 IST" skipped="0">
  <testcase classname="Volume_Based_Irrigation.Z11_ValveSelected_VolumeBased" name="Z11_Valve_Selected_VolumeBased" time="0.092"/>
</testsuite> <!-- Volume_Based_Irrigation.Z11_ValveSelected_VolumeBased -->
