<?xml version="1.0" encoding="UTF-8"?>
<!-- Generated by org.testng.reporters.JUnitReportReporter -->
<testsuite hostname="devwks10" failures="0" tests="1" name="Smart_Irrigation.Z14_Valve_Select" time="21.949" errors="0" timestamp="2023-10-31T16:49:40 IST" skipped="0">
  <testcase classname="Smart_Irrigation.Z14_Valve_Select" name="SelectZ14_valve_TimeBased" time="21.949"/>
</testsuite> <!-- Smart_Irrigation.Z14_Valve_Select -->
