<?xml version="1.0" encoding="UTF-8"?>
<!-- Generated by org.testng.reporters.JUnitReportReporter -->
<testsuite hostname="devwks10" failures="0" tests="1" name="Volume_Based_Irrigation.BaseClass_Irrigation" time="22.095" errors="0" timestamp="2023-08-31T16:43:30 IST" skipped="0">
  <testcase classname="Volume_Based_Irrigation.BaseClass_Irrigation" name="Setup" time="22.095"/>
</testsuite> <!-- Volume_Based_Irrigation.BaseClass_Irrigation -->
