<?xml version="1.0" encoding="UTF-8"?>
<!-- Generated by org.testng.reporters.JUnitReportReporter -->
<testsuite hostname="devwks10" failures="0" tests="1" name="Volume_Based_Irrigation.Z14_ValveSelected_VolumeBased" time="0.078" errors="0" timestamp="2023-09-29T17:04:52 IST" skipped="0">
  <testcase classname="Volume_Based_Irrigation.Z14_ValveSelected_VolumeBased" name="Z14_Valve_Selected_VolumeBased" time="0.078"/>
</testsuite> <!-- Volume_Based_Irrigation.Z14_ValveSelected_VolumeBased -->
