<?xml version="1.0" encoding="UTF-8"?>
<!-- Generated by org.testng.reporters.JUnitReportReporter -->
<testsuite hostname="devwks10" failures="0" tests="1" name="Smart_Irrigation.Z12_Valve_Select" time="21.760" errors="0" timestamp="2023-10-20T12:46:45 IST" skipped="0">
  <testcase classname="Smart_Irrigation.Z12_Valve_Select" name="SelectZ12_valve_TimeBased" time="21.760"/>
</testsuite> <!-- Smart_Irrigation.Z12_Valve_Select -->
