<?xml version="1.0" encoding="UTF-8"?>
<!-- Generated by org.testng.reporters.JUnitReportReporter -->
<testsuite hostname="devwks10" failures="0" tests="1" name="All_Valves_At_a_Time_timebasedSchedule.Time_Based_All_Valves_At_Sametime" time="12.566" errors="0" timestamp="2023-10-03T18:21:11 IST" skipped="0">
  <testcase classname="All_Valves_At_a_Time_timebasedSchedule.Time_Based_All_Valves_At_Sametime" name="deliveryLiters_TimeBased_Allvalves_SameTime" time="12.566"/>
</testsuite> <!-- All_Valves_At_a_Time_timebasedSchedule.Time_Based_All_Valves_At_Sametime -->
