<?xml version="1.0" encoding="UTF-8"?>
<!-- Generated by org.testng.reporters.JUnitReportReporter -->
<testsuite hostname="devwks10" failures="0" tests="1" name="All_Valves_At_a_Time_timebasedSchedule.ALL_VALVES_Time_Based" time="32.885" errors="0" timestamp="2023-10-03T17:17:07 IST" skipped="0">
  <testcase classname="All_Valves_At_a_Time_timebasedSchedule.ALL_VALVES_Time_Based" name="SelectValves" time="32.885"/>
</testsuite> <!-- All_Valves_At_a_Time_timebasedSchedule.ALL_VALVES_Time_Based -->
