<?xml version="1.0" encoding="UTF-8"?>
<!-- Generated by org.testng.reporters.JUnitReportReporter -->
<testsuite hostname="devwks10" failures="0" tests="2" name="Volume_Based_Irrigation.Volume_Based_Irrigation_Start" time="21.602" errors="0" timestamp="2023-10-16T16:51:14 IST" skipped="0">
  <testcase classname="Volume_Based_Irrigation.Volume_Based_Irrigation_Start" name="Start_VoumeBased_Irrigation" time="0.199"/>
  <testcase classname="Volume_Based_Irrigation.Volume_Based_Irrigation_Start" name="ExitIrrigation_Screen" time="21.403"/>
</testsuite> <!-- Volume_Based_Irrigation.Volume_Based_Irrigation_Start -->
