<?xml version="1.0" encoding="UTF-8"?>
<!-- Generated by org.testng.reporters.JUnitReportReporter -->
<testsuite hostname="devwks10" failures="0" tests="5" name="Smart_Irrigation.ruff" time="847.841" errors="0" timestamp="2023-08-30T11:45:30 IST" skipped="0">
  <testcase classname="Smart_Irrigation.ruff" name="launchBrowser" time="5.379"/>
  <testcase classname="Smart_Irrigation.ruff" name="login" time="10.177"/>
  <testcase classname="Smart_Irrigation.ruff" name="Irrigationscrren" time="10.325"/>
  <testcase classname="Smart_Irrigation.ruff" name="MultipleValves" time="53.839"/>
  <testcase classname="Smart_Irrigation.ruff" name="DuringIrrigation" time="768.121"/>
</testsuite> <!-- Smart_Irrigation.ruff -->
