<?xml version="1.0" encoding="UTF-8"?>
<!-- Generated by org.testng.reporters.JUnitReportReporter -->
<testsuite hostname="devwks10" failures="0" tests="5" name="Volume_Based_Irrigation.irrigation_VolumedIrrigation" time="1.795" errors="0" timestamp="2023-10-16T16:51:14 IST" skipped="0">
  <testcase classname="Volume_Based_Irrigation.irrigation_VolumedIrrigation" name="Setup_VolumeBased" time="0.100"/>
  <testcase classname="Volume_Based_Irrigation.irrigation_VolumedIrrigation" name="SelectFarm" time="0.172"/>
  <testcase classname="Volume_Based_Irrigation.irrigation_VolumedIrrigation" name="ScheduleType" time="0.133"/>
  <testcase classname="Volume_Based_Irrigation.irrigation_VolumedIrrigation" name="Start_Time" time="1.197"/>
  <testcase classname="Volume_Based_Irrigation.irrigation_VolumedIrrigation" name="Enter_Volume" time="0.193"/>
</testsuite> <!-- Volume_Based_Irrigation.irrigation_VolumedIrrigation -->
