<?xml version="1.0" encoding="UTF-8"?>
<!-- Generated by org.testng.reporters.JUnitReportReporter -->
<testsuite hostname="devwks10" failures="0" tests="1" name="Smart_Irrigation.Login_Rtu7" time="18.753" errors="0" timestamp="2024-03-07T14:40:36 IST" skipped="0">
  <testcase classname="Smart_Irrigation.Login_Rtu7" name="login" time="18.753"/>
</testsuite> <!-- Smart_Irrigation.Login_Rtu7 -->
