<?xml version="1.0" encoding="UTF-8"?>
<!-- Generated by org.testng.reporters.JUnitReportReporter -->
<testsuite hostname="devwks10" failures="0" tests="1" name="TimeBased_TwoValves_at_same_Time.Z11_Z12_DeliverdLiters_TimeBased" time="499.035" errors="0" timestamp="2023-10-20T16:01:17 IST" skipped="0">
  <testcase classname="TimeBased_TwoValves_at_same_Time.Z11_Z12_DeliverdLiters_TimeBased" name="Deliverd_Liters_Z11_Z12" time="499.035"/>
</testsuite> <!-- TimeBased_TwoValves_at_same_Time.Z11_Z12_DeliverdLiters_TimeBased -->
